#
# There is insufficient memory for the Java Runtime Environment to continue.
# Native memory allocation (malloc) failed to allocate 457200 bytes for Chunk::new
# Possible reasons:
#   The system is out of physical RAM or swap space
#   The process is running with CompressedOops enabled, and the Java Heap may be blocking the growth of the native heap
# Possible solutions:
#   Reduce memory load on the system
#   Increase physical memory or swap space
#   Check if swap backing store is full
#   Decrease Java heap size (-Xmx/-Xms)
#   Decrease number of Java threads
#   Decrease Java thread stack sizes (-Xss)
#   Set larger code cache with -XX:ReservedCodeCacheSize=
#   JVM is running with Unscaled Compressed Oops mode in which the Java heap is
#     placed in the first 4GB address space. The Java Heap base address is the
#     maximum limit for the native heap growth. Please use -XX:HeapBaseMinAddress
#     to set the Java Heap base and to place the Java Heap above 4GB virtual address.
# This output file may be truncated or incomplete.
#
#  Out of Memory Error (allocation.cpp:389), pid=4232, tid=0x0000000000000aac
#
# JRE version: OpenJDK Runtime Environment (8.0_252-b09) (build 1.8.0_252-b09)
# Java VM: OpenJDK 64-Bit Server VM (25.252-b09 mixed mode windows-amd64 compressed oops)
# Failed to write core dump. Minidumps are not enabled by default on client versions of Windows
#

---------------  T H R E A D  ---------------

Current thread (0x00000276b8a5c000):  JavaThread "C2 CompilerThread0" daemon [_thread_in_native, id=2732, stack(0x0000009008a00000,0x0000009008b00000)]

Stack: [0x0000009008a00000,0x0000009008b00000]
[error occurred during error reporting (printing stack bounds), id 0xc0000005]

Native frames: (J=compiled Java code, j=interpreted, Vv=VM code, C=native code)


Current CompileTask:
C2:   5169 1288       4       java.net.URLStreamHandler::parseURL (1193 bytes)


---------------  P R O C E S S  ---------------

Java Threads: ( => current thread )
  0x00000276ba4b7800 JavaThread "SpecRunner-1" [_thread_in_vm, id=10952, stack(0x0000009008f00000,0x0000009009000000)]
  0x00000276b9d87000 JavaThread "kotest-engine-0" [_thread_blocked, id=6124, stack(0x0000009008e00000,0x0000009008f00000)]
  0x00000276b8abf800 JavaThread "Service Thread" daemon [_thread_blocked, id=9788, stack(0x0000009008c00000,0x0000009008d00000)]
  0x00000276b8a5d800 JavaThread "C1 CompilerThread1" daemon [_thread_blocked, id=9680, stack(0x0000009008b00000,0x0000009008c00000)]
=>0x00000276b8a5c000 JavaThread "C2 CompilerThread0" daemon [_thread_in_native, id=2732, stack(0x0000009008a00000,0x0000009008b00000)]
  0x00000276b8a5a800 JavaThread "Monitor Ctrl-Break" daemon [_thread_in_native, id=8276, stack(0x0000009008900000,0x0000009008a00000)]
  0x00000276b89e8000 JavaThread "Attach Listener" daemon [_thread_blocked, id=3764, stack(0x0000009008800000,0x0000009008900000)]
  0x00000276b89e5000 JavaThread "Signal Dispatcher" daemon [_thread_blocked, id=10800, stack(0x0000009008700000,0x0000009008800000)]
  0x00000276b89af000 JavaThread "Finalizer" daemon [_thread_blocked, id=11240, stack(0x0000009008600000,0x0000009008700000)]
  0x00000276b89ab800 JavaThread "Reference Handler" daemon [_thread_blocked, id=4988, stack(0x0000009008500000,0x0000009008600000)]
  0x00000276a5cd1000 JavaThread "main" [_thread_blocked, id=10288, stack(0x0000009008100000,0x0000009008200000)]

Other Threads:
  0x00000276b8982000 VMThread [stack: 0x0000009008400000,0x0000009008500000] [id=1572]
  0x00000276b8ac2800 WatcherThread [stack: 0x0000009008d00000,0x0000009008e00000] [id=9704]

VM state:not at safepoint (normal execution)

VM Mutex/Monitor currently owned by a thread: None

heap address: 0x00000000e0000000, size: 512 MB, Compressed Oops mode: 32-bit
Narrow klass base: 0x0000000000000000, Narrow klass shift: 3
Compressed class space size: 1073741824 Address: 0x0000000100000000

Heap:
 PSYoungGen      total 153600K, used 112083K [0x00000000f5580000, 0x0000000100000000, 0x0000000100000000)
  eden space 134656K, 83% used [0x00000000f5580000,0x00000000fc2f4d80,0x00000000fd900000)
  from space 18944K, 0% used [0x00000000fed80000,0x00000000fed80000,0x0000000100000000)
  to   space 19968K, 0% used [0x00000000fd900000,0x00000000fd900000,0x00000000fec80000)
 ParOldGen       total 32256K, used 32241K [0x00000000e0000000, 0x00000000e1f80000, 0x00000000f5580000)
  object space 32256K, 99% used [0x00000000e0000000,0x00000000e1f7c798,0x00000000e1f80000)
 Metaspace       used 13495K, capacity 13660K, committed 13824K, reserved 1060864K
  class space    used 1443K, capacity 1460K, committed 1536K, reserved 1048576K

Card table byte_map: [0x00000276b6910000,0x00000276b6a20000] byte_map_base: 0x00000276b6210000

Marking Bits: (ParMarkBitMap*) 0x00000000675f5010
 Begin Bits: [0x00000276b6ad0000, 0x00000276b72d0000)
 End Bits:   [0x00000276b72d0000, 0x00000276b7ad0000)

Polling page: 0x00000276a7520000

CodeCache: size=245760Kb used=5811Kb max_used=5811Kb free=239948Kb
 bounds [0x00000276a7550000, 0x00000276a7b10000, 0x00000276b6550000]
 total_blobs=1761 nmethods=1338 adapters=337
 compilation: enabled

Compilation events (10 events):
Event: 5.165 Thread 0x00000276b8a5d800 1333       3       kotlin.reflect.jvm.internal.impl.types.UnwrappedType::unwrap (2 bytes)
Event: 5.165 Thread 0x00000276b8a5d800 nmethod 1333 0x00000276a7aff3d0 code [0x00000276a7aff520, 0x00000276a7aff678]
Event: 5.165 Thread 0x00000276b8a5d800 1334       1       kotlin.reflect.jvm.internal.impl.metadata.jvm.JvmProtoBuf$StringTableTypes$Record::getRange (5 bytes)
Event: 5.165 Thread 0x00000276b8a5d800 nmethod 1334 0x00000276a7aff710 code [0x00000276a7aff860, 0x00000276a7aff978]
Event: 5.165 Thread 0x00000276b8a5d800 1335       1       kotlin.reflect.jvm.internal.impl.descriptors.impl.PackageFragmentDescriptorImpl::getFqName (5 bytes)
Event: 5.165 Thread 0x00000276b8a5d800 nmethod 1335 0x00000276a7aff9d0 code [0x00000276a7affb20, 0x00000276a7affc38]
Event: 5.166 Thread 0x00000276b8a5d800 1336       3       kotlin.text.StringsKt__StringsKt::lastIndexOf$default (29 bytes)
Event: 5.166 Thread 0x00000276b8a5d800 nmethod 1336 0x00000276a7affc90 code [0x00000276a7affe20, 0x00000276a7b00230]
Event: 5.166 Thread 0x00000276b8a5d800 1337       1       kotlin.reflect.jvm.internal.impl.types.SimpleTypeImpl::getArguments (5 bytes)
Event: 5.166 Thread 0x00000276b8a5d800 nmethod 1337 0x00000276a7b00410 code [0x00000276a7b00560, 0x00000276a7b00678]

GC Heap History (10 events):
Event: 3.301 GC heap before
{Heap before GC invocations=9 (full 1):
 PSYoungGen      total 75264K, used 75238K [0x00000000f5580000, 0x00000000fcd00000, 0x0000000100000000)
  eden space 66048K, 100% used [0x00000000f5580000,0x00000000f9600000,0x00000000f9600000)
  from space 9216K, 99% used [0x00000000f9600000,0x00000000f9ef9bf8,0x00000000f9f00000)
  to   space 11264K, 0% used [0x00000000fc200000,0x00000000fc200000,0x00000000fcd00000)
 ParOldGen       total 32256K, used 13004K [0x00000000e0000000, 0x00000000e1f80000, 0x00000000f5580000)
  object space 32256K, 40% used [0x00000000e0000000,0x00000000e0cb32e8,0x00000000e1f80000)
 Metaspace       used 11038K, capacity 11152K, committed 11264K, reserved 1058816K
  class space    used 1160K, capacity 1200K, committed 1280K, reserved 1048576K
Event: 3.315 GC heap after
Heap after GC invocations=9 (full 1):
 PSYoungGen      total 108032K, used 11248K [0x00000000f5580000, 0x00000000fe500000, 0x0000000100000000)
  eden space 96768K, 0% used [0x00000000f5580000,0x00000000f5580000,0x00000000fb400000)
  from space 11264K, 99% used [0x00000000fc200000,0x00000000fccfc2d8,0x00000000fcd00000)
  to   space 14336K, 0% used [0x00000000fb400000,0x00000000fb400000,0x00000000fc200000)
 ParOldGen       total 32256K, used 15571K [0x00000000e0000000, 0x00000000e1f80000, 0x00000000f5580000)
  object space 32256K, 48% used [0x00000000e0000000,0x00000000e0f34e90,0x00000000e1f80000)
 Metaspace       used 11038K, capacity 11152K, committed 11264K, reserved 1058816K
  class space    used 1160K, capacity 1200K, committed 1280K, reserved 1048576K
}
Event: 3.474 GC heap before
{Heap before GC invocations=10 (full 1):
 PSYoungGen      total 108032K, used 108016K [0x00000000f5580000, 0x00000000fe500000, 0x0000000100000000)
  eden space 96768K, 100% used [0x00000000f5580000,0x00000000fb400000,0x00000000fb400000)
  from space 11264K, 99% used [0x00000000fc200000,0x00000000fccfc2d8,0x00000000fcd00000)
  to   space 14336K, 0% used [0x00000000fb400000,0x00000000fb400000,0x00000000fc200000)
 ParOldGen       total 32256K, used 15571K [0x00000000e0000000, 0x00000000e1f80000, 0x00000000f5580000)
  object space 32256K, 48% used [0x00000000e0000000,0x00000000e0f34e90,0x00000000e1f80000)
 Metaspace       used 11038K, capacity 11152K, committed 11264K, reserved 1058816K
  class space    used 1160K, capacity 1200K, committed 1280K, reserved 1048576K
Event: 3.511 GC heap after
Heap after GC invocations=10 (full 1):
 PSYoungGen      total 111104K, used 14320K [0x00000000f5580000, 0x0000000100000000, 0x0000000100000000)
  eden space 96768K, 0% used [0x00000000f5580000,0x00000000f5580000,0x00000000fb400000)
  from space 14336K, 99% used [0x00000000fb400000,0x00000000fc1fc198,0x00000000fc200000)
  to   space 18944K, 0% used [0x00000000fed80000,0x00000000fed80000,0x0000000100000000)
 ParOldGen       total 32256K, used 20864K [0x00000000e0000000, 0x00000000e1f80000, 0x00000000f5580000)
  object space 32256K, 64% used [0x00000000e0000000,0x00000000e14603c0,0x00000000e1f80000)
 Metaspace       used 11038K, capacity 11152K, committed 11264K, reserved 1058816K
  class space    used 1160K, capacity 1200K, committed 1280K, reserved 1048576K
}
Event: 3.996 GC heap before
{Heap before GC invocations=11 (full 1):
 PSYoungGen      total 111104K, used 111085K [0x00000000f5580000, 0x0000000100000000, 0x0000000100000000)
  eden space 96768K, 99% used [0x00000000f5580000,0x00000000fb3ff3a8,0x00000000fb400000)
  from space 14336K, 99% used [0x00000000fb400000,0x00000000fc1fc198,0x00000000fc200000)
  to   space 18944K, 0% used [0x00000000fed80000,0x00000000fed80000,0x0000000100000000)
 ParOldGen       total 32256K, used 20864K [0x00000000e0000000, 0x00000000e1f80000, 0x00000000f5580000)
  object space 32256K, 64% used [0x00000000e0000000,0x00000000e14603c0,0x00000000e1f80000)
 Metaspace       used 11038K, capacity 11152K, committed 11264K, reserved 1058816K
  class space    used 1160K, capacity 1200K, committed 1280K, reserved 1048576K
Event: 4.036 GC heap after
Heap after GC invocations=11 (full 1):
 PSYoungGen      total 153600K, used 13600K [0x00000000f5580000, 0x0000000100000000, 0x0000000100000000)
  eden space 134656K, 0% used [0x00000000f5580000,0x00000000f5580000,0x00000000fd900000)
  from space 18944K, 71% used [0x00000000fed80000,0x00000000ffac8030,0x0000000100000000)
  to   space 19968K, 0% used [0x00000000fd900000,0x00000000fd900000,0x00000000fec80000)
 ParOldGen       total 32256K, used 27573K [0x00000000e0000000, 0x00000000e1f80000, 0x00000000f5580000)
  object space 32256K, 85% used [0x00000000e0000000,0x00000000e1aed400,0x00000000e1f80000)
 Metaspace       used 11038K, capacity 11152K, committed 11264K, reserved 1058816K
  class space    used 1160K, capacity 1200K, committed 1280K, reserved 1048576K
}
Event: 4.036 GC heap before
{Heap before GC invocations=12 (full 2):
 PSYoungGen      total 153600K, used 13600K [0x00000000f5580000, 0x0000000100000000, 0x0000000100000000)
  eden space 134656K, 0% used [0x00000000f5580000,0x00000000f5580000,0x00000000fd900000)
  from space 18944K, 71% used [0x00000000fed80000,0x00000000ffac8030,0x0000000100000000)
  to   space 19968K, 0% used [0x00000000fd900000,0x00000000fd900000,0x00000000fec80000)
 ParOldGen       total 32256K, used 27573K [0x00000000e0000000, 0x00000000e1f80000, 0x00000000f5580000)
  object space 32256K, 85% used [0x00000000e0000000,0x00000000e1aed400,0x00000000e1f80000)
 Metaspace       used 11038K, capacity 11152K, committed 11264K, reserved 1058816K
  class space    used 1160K, capacity 1200K, committed 1280K, reserved 1048576K
Event: 4.125 GC heap after
Heap after GC invocations=12 (full 2):
 PSYoungGen      total 153600K, used 6369K [0x00000000f5580000, 0x0000000100000000, 0x0000000100000000)
  eden space 134656K, 0% used [0x00000000f5580000,0x00000000f5580000,0x00000000fd900000)
  from space 18944K, 33% used [0x00000000fed80000,0x00000000ff3b84b0,0x0000000100000000)
  to   space 19968K, 0% used [0x00000000fd900000,0x00000000fd900000,0x00000000fec80000)
 ParOldGen       total 32256K, used 31861K [0x00000000e0000000, 0x00000000e1f80000, 0x00000000f5580000)
  object space 32256K, 98% used [0x00000000e0000000,0x00000000e1f1d540,0x00000000e1f80000)
 Metaspace       used 11038K, capacity 11152K, committed 11264K, reserved 1058816K
  class space    used 1160K, capacity 1200K, committed 1280K, reserved 1048576K
}
Event: 4.335 GC heap before
{Heap before GC invocations=13 (full 3):
 PSYoungGen      total 153600K, used 141025K [0x00000000f5580000, 0x0000000100000000, 0x0000000100000000)
  eden space 134656K, 100% used [0x00000000f5580000,0x00000000fd900000,0x00000000fd900000)
  from space 18944K, 33% used [0x00000000fed80000,0x00000000ff3b84b0,0x0000000100000000)
  to   space 19968K, 0% used [0x00000000fd900000,0x00000000fd900000,0x00000000fec80000)
 ParOldGen       total 32256K, used 31861K [0x00000000e0000000, 0x00000000e1f80000, 0x00000000f5580000)
  object space 32256K, 98% used [0x00000000e0000000,0x00000000e1f1d540,0x00000000e1f80000)
 Metaspace       used 11038K, capacity 11152K, committed 11264K, reserved 1058816K
  class space    used 1160K, capacity 1200K, committed 1280K, reserved 1048576K
Event: 4.418 GC heap after
Heap after GC invocations=13 (full 3):
 PSYoungGen      total 153600K, used 13824K [0x00000000f5580000, 0x0000000100000000, 0x0000000100000000)
  eden space 134656K, 10% used [0x00000000f5580000,0x00000000f63001b0,0x00000000fd900000)
  from space 18944K, 0% used [0x00000000fed80000,0x00000000fed80000,0x0000000100000000)
  to   space 19968K, 0% used [0x00000000fd900000,0x00000000fd900000,0x00000000fec80000)
 ParOldGen       total 32256K, used 32241K [0x00000000e0000000, 0x00000000e1f80000, 0x00000000f5580000)
  object space 32256K, 99% used [0x00000000e0000000,0x00000000e1f7c798,0x00000000e1f80000)
 Metaspace       used 11038K, capacity 11152K, committed 11264K, reserved 1058816K
  class space    used 1160K, capacity 1200K, committed 1280K, reserved 1048576K
}

Deoptimization events (10 events):
Event: 4.954 Thread 0x00000276b9d87000 Uncommon trap: reason=class_check action=maybe_recompile pc=0x00000276a77bece0 method=java.lang.String.equals(Ljava/lang/Object;)Z @ 8
Event: 4.954 Thread 0x00000276b9d87000 Uncommon trap: reason=bimorphic action=maybe_recompile pc=0x00000276a7a08e1c method=java.util.concurrent.ConcurrentHashMap.replaceNode(Ljava/lang/Object;Ljava/lang/Object;Ljava/lang/Object;)Ljava/lang/Object; @ 1
Event: 4.962 Thread 0x00000276b9d87000 Uncommon trap: reason=unstable_if action=reinterpret pc=0x00000276a78fe540 method=java.util.concurrent.locks.ReentrantLock$Sync.tryRelease(I)Z @ 28
Event: 4.966 Thread 0x00000276b9d87000 Uncommon trap: reason=bimorphic action=maybe_recompile pc=0x00000276a7a08e1c method=java.util.concurrent.ConcurrentHashMap.replaceNode(Ljava/lang/Object;Ljava/lang/Object;Ljava/lang/Object;)Ljava/lang/Object; @ 1
Event: 5.016 Thread 0x00000276b9d87000 Uncommon trap: reason=unstable_if action=reinterpret pc=0x00000276a7ab2e04 method=kotlin.reflect.jvm.internal.impl.protobuf.CodedInputStream.readRawVarint32()I @ 10
Event: 5.039 Thread 0x00000276b9d87000 Uncommon trap: reason=bimorphic action=maybe_recompile pc=0x00000276a7abada0 method=kotlin.reflect.jvm.internal.impl.protobuf.CodedInputStream.tryRefillBuffer(I)Z @ 175
Event: 5.039 Thread 0x00000276b9d87000 Uncommon trap: reason=bimorphic action=maybe_recompile pc=0x00000276a7abada0 method=kotlin.reflect.jvm.internal.impl.protobuf.CodedInputStream.tryRefillBuffer(I)Z @ 175
Event: 5.113 Thread 0x00000276b9d87000 Uncommon trap: reason=bimorphic action=maybe_recompile pc=0x00000276a7abada0 method=kotlin.reflect.jvm.internal.impl.protobuf.CodedInputStream.tryRefillBuffer(I)Z @ 175
Event: 5.113 Thread 0x00000276b9d87000 Uncommon trap: reason=bimorphic action=maybe_recompile pc=0x00000276a7abada0 method=kotlin.reflect.jvm.internal.impl.protobuf.CodedInputStream.tryRefillBuffer(I)Z @ 175
Event: 5.127 Thread 0x00000276b9d87000 Uncommon trap: reason=unstable_if action=reinterpret pc=0x00000276a7754a44 method=java.lang.AbstractStringBuilder.append(Ljava/lang/String;)Ljava/lang/AbstractStringBuilder; @ 1

Classes redefined (0 events):
No events

Internal exceptions (10 events):
Event: 1.320 Thread 0x00000276b89e8000 Exception <a 'java/security/PrivilegedActionException'> (0x00000000f59df760) thrown at [J:\jenkins\tmp\workspace\build\src\hotspot\src\share\vm\prims\jvm.cpp, line 1502]
Event: 1.320 Thread 0x00000276b89e8000 Exception <a 'java/security/PrivilegedActionException'> (0x00000000f59e37b0) thrown at [J:\jenkins\tmp\workspace\build\src\hotspot\src\share\vm\prims\jvm.cpp, line 1502]
Event: 1.320 Thread 0x00000276b89e8000 Exception <a 'java/security/PrivilegedActionException'> (0x00000000f59e3ba8) thrown at [J:\jenkins\tmp\workspace\build\src\hotspot\src\share\vm\prims\jvm.cpp, line 1502]
Event: 1.320 Thread 0x00000276b89e8000 Exception <a 'java/security/PrivilegedActionException'> (0x00000000f59e5370) thrown at [J:\jenkins\tmp\workspace\build\src\hotspot\src\share\vm\prims\jvm.cpp, line 1502]
Event: 1.320 Thread 0x00000276b89e8000 Exception <a 'java/security/PrivilegedActionException'> (0x00000000f59e5768) thrown at [J:\jenkins\tmp\workspace\build\src\hotspot\src\share\vm\prims\jvm.cpp, line 1502]
Event: 1.996 Thread 0x00000276a5cd1000 Implicit null exception at 0x00000276a7784562 to 0x00000276a7784711
Event: 4.835 Thread 0x00000276b9d87000 Implicit null exception at 0x00000276a7961cda to 0x00000276a7961d61
Event: 4.839 Thread 0x00000276b9d87000 Implicit null exception at 0x00000276a796d830 to 0x00000276a796d89d
Event: 4.949 Thread 0x00000276b9d87000 Implicit null exception at 0x00000276a7788396 to 0x00000276a7788735
Event: 5.127 Thread 0x00000276b9d87000 Implicit null exception at 0x00000276a7754696 to 0x00000276a7754a2d

Events (10 events):
Event: 5.159 loading class io/kotest/core/test/TestStatus
Event: 5.159 loading class io/kotest/core/test/TestStatus done
Event: 5.160 loading class io/kotest/core/runtime/TestCaseExecutor$WhenMappings
Event: 5.160 loading class io/kotest/core/runtime/TestCaseExecutor$WhenMappings done
Event: 5.160 loading class kotlin/coroutines/jvm/internal/CompletedContinuation
Event: 5.160 loading class kotlin/coroutines/jvm/internal/CompletedContinuation done
Event: 5.160 loading class kotlinx/coroutines/IncompleteStateBox
Event: 5.160 loading class kotlinx/coroutines/IncompleteStateBox done
Event: 5.166 loading class io/kotest/core/spec/FocusbangKt
Event: 5.166 loading class io/kotest/core/spec/FocusbangKt done


Dynamic libraries:
0x00007ff651970000 - 0x00007ff6519aa000 	C:\Program Files\AdoptOpenJDK\jdk-8.0.252.09-hotspot\bin\java.exe
0x00007ffedc300000 - 0x00007ffedc4ed000 	C:\Windows\SYSTEM32\ntdll.dll
0x00007ffed97d0000 - 0x00007ffed9883000 	C:\Windows\System32\KERNEL32.DLL
0x00007ffed8700000 - 0x00007ffed8995000 	C:\Windows\System32\KERNELBASE.dll
0x00007ffed99f0000 - 0x00007ffed9a93000 	C:\Windows\System32\ADVAPI32.dll
0x00007ffed9950000 - 0x00007ffed99ee000 	C:\Windows\System32\msvcrt.dll
0x00007ffedbdc0000 - 0x00007ffedbe5e000 	C:\Windows\System32\sechost.dll
0x00007ffed9aa0000 - 0x00007ffed9bc2000 	C:\Windows\System32\RPCRT4.dll
0x00007ffedbe60000 - 0x00007ffedbff7000 	C:\Windows\System32\USER32.dll
0x00007ffed84b0000 - 0x00007ffed84d0000 	C:\Windows\System32\win32u.dll
0x00007ffed9520000 - 0x00007ffed9549000 	C:\Windows\System32\GDI32.dll
0x00007ffed9380000 - 0x00007ffed951a000 	C:\Windows\System32\gdi32full.dll
0x00007ffed8410000 - 0x00007ffed84b0000 	C:\Windows\System32\msvcp_win.dll
0x00007ffed8600000 - 0x00007ffed86fa000 	C:\Windows\System32\ucrtbase.dll
0x00007ffec7810000 - 0x00007ffec7a89000 	C:\Windows\WinSxS\amd64_microsoft.windows.common-controls_6595b64144ccf1df_6.0.17763.1282_none_de75b6f253473c0f\COMCTL32.dll
0x00007ffedb6b0000 - 0x00007ffedb9dc000 	C:\Windows\System32\combase.dll
0x00007ffed8580000 - 0x00007ffed85fe000 	C:\Windows\System32\bcryptPrimitives.dll
0x00007ffedba50000 - 0x00007ffedba7e000 	C:\Windows\System32\IMM32.DLL
0x00007ffeae310000 - 0x00007ffeae3ff000 	C:\Program Files\AdoptOpenJDK\jdk-8.0.252.09-hotspot\jre\bin\msvcr120.dll
0x00007ffeae260000 - 0x00007ffeae306000 	C:\Program Files\AdoptOpenJDK\jdk-8.0.252.09-hotspot\jre\bin\msvcp120.dll
0x0000000066e70000 - 0x000000006766e000 	C:\Program Files\AdoptOpenJDK\jdk-8.0.252.09-hotspot\jre\bin\server\jvm.dll
0x00007ffed9940000 - 0x00007ffed9948000 	C:\Windows\System32\PSAPI.DLL
0x00007ffecb840000 - 0x00007ffecb849000 	C:\Windows\SYSTEM32\WSOCK32.dll
0x00007ffedb9e0000 - 0x00007ffedba4d000 	C:\Windows\System32\WS2_32.dll
0x00007ffed6550000 - 0x00007ffed6574000 	C:\Windows\SYSTEM32\WINMM.dll
0x00007ffed2630000 - 0x00007ffed263a000 	C:\Windows\SYSTEM32\VERSION.dll
0x00007ffed64f0000 - 0x00007ffed651d000 	C:\Windows\SYSTEM32\WINMMBASE.dll
0x00007ffed83c0000 - 0x00007ffed840a000 	C:\Windows\System32\cfgmgr32.dll
0x00007ffecff10000 - 0x00007ffecff1f000 	C:\Program Files\AdoptOpenJDK\jdk-8.0.252.09-hotspot\jre\bin\verify.dll
0x00007ffececa0000 - 0x00007ffececc8000 	C:\Program Files\AdoptOpenJDK\jdk-8.0.252.09-hotspot\jre\bin\java.dll
0x00007ffed0130000 - 0x00007ffed015a000 	C:\Program Files\AdoptOpenJDK\jdk-8.0.252.09-hotspot\jre\bin\instrument.dll
0x00007ffeceb30000 - 0x00007ffeceb46000 	C:\Program Files\AdoptOpenJDK\jdk-8.0.252.09-hotspot\jre\bin\zip.dll
0x00007ffeda130000 - 0x00007ffedb628000 	C:\Windows\System32\SHELL32.dll
0x00007ffed9550000 - 0x00007ffed95f8000 	C:\Windows\System32\shcore.dll
0x00007ffed8c30000 - 0x00007ffed937f000 	C:\Windows\System32\windows.storage.dll
0x00007ffed8350000 - 0x00007ffed8374000 	C:\Windows\System32\profapi.dll
0x00007ffed82f0000 - 0x00007ffed834d000 	C:\Windows\System32\powrprof.dll
0x00007ffed9770000 - 0x00007ffed97c2000 	C:\Windows\System32\shlwapi.dll
0x00007ffed8380000 - 0x00007ffed8391000 	C:\Windows\System32\kernel.appcore.dll
0x00007ffed89a0000 - 0x00007ffed89b7000 	C:\Windows\System32\cryptsp.dll
0x00007ffed3680000 - 0x00007ffed369a000 	C:\Program Files\JetBrains\IntelliJ IDEA Community Edition 2020\bin\breakgen64.dll
0x00007ffec8930000 - 0x00007ffec894a000 	C:\Program Files\AdoptOpenJDK\jdk-8.0.252.09-hotspot\jre\bin\net.dll
0x00007ffed7af0000 - 0x00007ffed7b57000 	C:\Windows\system32\mswsock.dll
0x00007ffecfc20000 - 0x00007ffecfc2d000 	C:\Program Files\AdoptOpenJDK\jdk-8.0.252.09-hotspot\jre\bin\management.dll
0x00007ffec8300000 - 0x00007ffec8312000 	C:\Program Files\AdoptOpenJDK\jdk-8.0.252.09-hotspot\jre\bin\nio.dll

VM Arguments:
jvm_args: -Didea.test.cyclic.buffer.size=1048576 -javaagent:C:\Program Files\JetBrains\IntelliJ IDEA Community Edition 2020\lib\idea_rt.jar=51490:C:\Program Files\JetBrains\IntelliJ IDEA Community Edition 2020\bin -Dfile.encoding=UTF-8 
java_command: io.kotest.launcher.LauncherKt --spec ar.edu.unahur.obj2.vendedores.VendedorTest --testpath centroDistribucion --writer teamcity
java_class_path (initial): C:\Program Files\JetBrains\IntelliJ IDEA Community Edition 2020\lib\idea_rt.jar;C:\Users\ITsupport.AR\AppData\Roaming\JetBrains\IdeaIC2020.2\plugins\kotest-plugin-intellij\lib\mordant-1.2.1.jar;C:\Users\ITsupport.AR\AppData\Roaming\JetBrains\IdeaIC2020.2\plugins\kotest-plugin-intellij\lib\clikt-jvm-2.7.1.jar;C:\Users\ITsupport.AR\AppData\Roaming\JetBrains\IdeaIC2020.2\plugins\kotest-plugin-intellij\lib\kotest-launcher-1.0.9.jar;C:\Program Files\AdoptOpenJDK\jdk-8.0.252.09-hotspot\jre\lib\charsets.jar;C:\Program Files\AdoptOpenJDK\jdk-8.0.252.09-hotspot\jre\lib\ext\access-bridge-64.jar;C:\Program Files\AdoptOpenJDK\jdk-8.0.252.09-hotspot\jre\lib\ext\cldrdata.jar;C:\Program Files\AdoptOpenJDK\jdk-8.0.252.09-hotspot\jre\lib\ext\dnsns.jar;C:\Program Files\AdoptOpenJDK\jdk-8.0.252.09-hotspot\jre\lib\ext\jaccess.jar;C:\Program Files\AdoptOpenJDK\jdk-8.0.252.09-hotspot\jre\lib\ext\localedata.jar;C:\Program Files\AdoptOpenJDK\jdk-8.0.252.09-hotspot\jre\lib\ext\nashorn.jar;C:\Program Files\AdoptOpenJDK\jdk-8.0.252.09-hotspot\jre\lib\ext\sunec.jar;C:\Program Files\AdoptOpenJDK\jdk-8.0.252.09-hotspot\jre\lib\ext\sunjce_provider.jar;C:\Program Files\AdoptOpenJDK\jdk-8.0.252.09-hotspot\jre\lib\ext\sunmscapi.jar;C:\Program Files\AdoptOpenJDK\jdk-8.0.252.09-hotspot\jre\lib\ext\sunpkcs11.jar;C:\Program Files\AdoptOpenJDK\jdk-8.0.252.09-hotspot\jre\lib\ext\zipfs.jar;C:\Program Files\AdoptOpenJDK\jdk-8.0.252.09-hotspot\jre\lib\jce.jar;C:\Program Files\AdoptOpenJDK\jdk-8.0.252.09-hotspot\jre\lib\jsse.jar;C:\Program Files\AdoptOpenJDK\jdk-8.0.252.09-hotspot\jre\lib\management-agent.jar;C:\Program Files\AdoptOpenJDK\jdk-8.0.252.09-hotspot\jre\lib\resources.jar;C:\Program Files\AdoptOpenJDK\jdk-8.0.252.09-hotspot\jre\lib\rt.jar;C:\Users\ITsupport.AR\Desktop\Objetos 2\semana2\vendedores-RaulAGutierrez\build\classes\kotlin\test;C:\Users\ITsupport.AR\Desktop\Objetos 2\semana2\vendedores-RaulAGutierrez\build\classes\kotlin\main;C:\Users\ITsupport.AR\.gradle\cache
Launcher Type: SUN_STANDARD

Environment Variables:
PATH=C:\Program Files\AdoptOpenJDK\jdk-8.0.252.09-hotspot\bin;C:\Windows\system32;C:\Windows;C:\Windows\System32\Wbem;C:\Windows\System32\WindowsPowerShell\v1.0\;C:\Windows\System32\OpenSSH\;C:\Program Files\Git\cmd;C:\Users\ITsupport.AR\AppData\Local\Microsoft\WindowsApps;;C:\Program Files\JetBrains\IntelliJ IDEA Community Edition 2020\bin;
USERNAME=Programacion
OS=Windows_NT
PROCESSOR_IDENTIFIER=Intel64 Family 6 Model 142 Stepping 10, GenuineIntel



---------------  S Y S T E M  ---------------

OS: Windows 10.0 , 64 bit Build 17763 (10.0.17763.1158)

CPU:total 2 (initial active 2) (2 cores per cpu, 1 threads per core) family 6 model 142 stepping 10, cmov, cx8, fxsr, mmx, sse, sse2, sse3, ssse3, sse4.1, sse4.2, popcnt, avx, avx2, aes, clmul, erms, 3dnowpref, lzcnt, tsc, tscinvbit, bmi1, bmi2, adx

Memory: 4k page, physical 2096628k(369568k free), swap 6220400k(4472k free)

vm_info: OpenJDK 64-Bit Server VM (25.252-b09) for windows-amd64 JRE (1.8.0_252-b09), built on Apr 16 2020 11:02:49 by "jenkins" with MS VC++ 12.0 (VS2013)

time: Tue Aug 25 02:53:41 2020
timezone: Hora estándar de Argentina
elapsed time: 5 seconds (0d 0h 0m 5s)

